This is e-pTeX, Version 3.14159265-p3.6-141210-2.6 (euc) (Web2C 2015) (preloaded format=platex 2015.8.18)  5 FEB 2016 16:26
entering extended mode
 restricted \write18 enabled.
 %&-line parsing enabled.
**latex_file_sample.tex
(./latex_file_sample.tex
pLaTeX2e <2006/11/10> (based on LaTeX2e <2015/01/01> patch level 2)
Babel <3.9l> and hyphenation patterns for 79 languages loaded.
(/usr/local/share/texmf-dist/tex/latex/base/article.cls
Document Class: article 2014/09/29 v1.4h Standard LaTeX document class
(/usr/local/share/texmf-dist/tex/latex/base/size10.clo
File: size10.clo 2014/09/29 v1.4h Standard LaTeX file (size option)
)
\c@part=\count81
\c@section=\count82
\c@subsection=\count83
\c@subsubsection=\count84
\c@paragraph=\count85
\c@subparagraph=\count86
\c@figure=\count87
\c@table=\count88
\abovecaptionskip=\skip41
\belowcaptionskip=\skip42
\bibindent=\dimen118
)
(/usr/local/share/texmf-dist/tex/latex/geometry/geometry.sty
Package: geometry 2010/09/12 v5.6 Page Geometry

(/usr/local/share/texmf-dist/tex/latex/graphics/keyval.sty
Package: keyval 2014/10/28 v1.15 key=value parser (DPC)
\KV@toks@=\toks15
)
(/usr/local/share/texmf-dist/tex/generic/oberdiek/ifpdf.sty
Package: ifpdf 2011/01/30 v2.3 Provides the ifpdf switch (HO)
Package ifpdf Info: pdfTeX in PDF mode is not detected.
)
(/usr/local/share/texmf-dist/tex/generic/oberdiek/ifvtex.sty
Package: ifvtex 2010/03/01 v1.5 Detect VTeX and its facilities (HO)
Package ifvtex Info: VTeX not detected.
)
(/usr/local/share/texmf-dist/tex/generic/ifxetex/ifxetex.sty
Package: ifxetex 2010/09/12 v0.6 Provides ifxetex conditional
)
\Gm@cnth=\count89
\Gm@cntv=\count90
\c@Gm@tempcnt=\count91
\Gm@bindingoffset=\dimen119
\Gm@wd@mp=\dimen120
\Gm@odd@mp=\dimen121
\Gm@even@mp=\dimen122
\Gm@layoutwidth=\dimen123
\Gm@layoutheight=\dimen124
\Gm@layouthoffset=\dimen125
\Gm@layoutvoffset=\dimen126
\Gm@dimlist=\toks16
)
(/usr/local/share/texmf-dist/tex/latex/graphics/graphicx.sty
Package: graphicx 2014/10/28 v1.0g Enhanced LaTeX Graphics (DPC,SPQR)

(/usr/local/share/texmf-dist/tex/latex/graphics/graphics.sty
Package: graphics 2014/10/28 v1.0p Standard LaTeX Graphics (DPC,SPQR)

(/usr/local/share/texmf-dist/tex/latex/graphics/trig.sty
Package: trig 1999/03/16 v1.09 sin cos tan (DPC)
)
(/usr/local/share/texmf-dist/tex/latex/latexconfig/graphics.cfg
File: graphics.cfg 2010/04/23 v1.9 graphics configuration of TeX Live
)
Package graphics Info: Driver file: dvips.def on input line 94.

(/usr/local/share/texmf-dist/tex/latex/graphics/dvips.def
File: dvips.def 2014/10/14 v3.0j Driver-dependent file (DPC,SPQR)
))
\Gin@req@height=\dimen127
\Gin@req@width=\dimen128
)
(./latex_file_sample.aux)
\openout1 = `latex_file_sample.aux'.

LaTeX Font Info:    Checking defaults for OML/cmm/m/it on input line 12.
LaTeX Font Info:    ... okay on input line 12.
LaTeX Font Info:    Checking defaults for T1/cmr/m/n on input line 12.
LaTeX Font Info:    ... okay on input line 12.
LaTeX Font Info:    Checking defaults for OT1/cmr/m/n on input line 12.
LaTeX Font Info:    ... okay on input line 12.
LaTeX Font Info:    Checking defaults for OMS/cmsy/m/n on input line 12.
LaTeX Font Info:    ... okay on input line 12.
LaTeX Font Info:    Checking defaults for OMX/cmex/m/n on input line 12.
LaTeX Font Info:    ... okay on input line 12.
LaTeX Font Info:    Checking defaults for U/cmr/m/n on input line 12.
LaTeX Font Info:    ... okay on input line 12.
LaTeX Font Info:    Checking defaults for JY1/mc/m/n on input line 12.
LaTeX Font Info:    ... okay on input line 12.
LaTeX Font Info:    Checking defaults for JT1/mc/m/n on input line 12.
LaTeX Font Info:    ... okay on input line 12.

*geometry* driver: auto-detecting
*geometry* detected driver: dvips
*geometry* verbose mode - [ preamble ] result:
* driver: dvips
* paper: a4paper
* layout: <same size as paper>
* layoutoffset:(h,v)=(0.0pt,0.0pt)
* modes: landscape 
* h-part:(L,W,R)=(126.75832pt, 591.5302pt, 126.75833pt)
* v-part:(T,H,B)=(71.70166pt, 418.25368pt, 107.55254pt)
* \paperwidth=845.04684pt
* \paperheight=597.50787pt
* \textwidth=591.5302pt
* \textheight=418.25368pt
* \oddsidemargin=-5.0pt
* \evensidemargin=-5.0pt
* \topmargin=-5.0pt
* \headheight=12.0pt
* \headsep=25.0pt
* \topskip=10.0pt
* \footskip=30.0pt
* \marginparwidth=57.0pt
* \marginparsep=11.0pt
* \columnsep=10.0pt
* \skip\footins=9.0pt plus 4.0pt minus 2.0pt
* \hoffset=0.0pt
* \voffset=0.0pt
* \mag=1000
* \@twocolumnfalse
* \@twosidefalse
* \@mparswitchfalse
* \@reversemarginfalse
* (1in=72.27pt=25.4mm, 1cm=28.453pt)

LaTeX Font Info:    External font `cmex10' loaded for size
(Font)              <7> on input line 14.
LaTeX Font Info:    External font `cmex10' loaded for size
(Font)              <5> on input line 14.
File: /home/h1/decha/Dropbox/Inter_speech_2016/Syllable_object/02_delta_delta-d
elta/BGP_LVM/Tone_0/stress_unstress_plot.eps Graphic file (type eps)

</home/h1/decha/Dropbox/Inter_speech_2016/Syllable_object/02_delta_delta-delta/
BGP_LVM/Tone_0/stress_unstress_plot.eps>
File: /home/h1/decha/Dropbox/Inter_speech_2016/Syllable_object/02_delta_delta-d
elta/BGP_LVM/Tone_0/stress_unstress_plot.eps Graphic file (type eps)

</home/h1/decha/Dropbox/Inter_speech_2016/Syllable_object/02_delta_delta-delta/
BGP_LVM/Tone_0/stress_unstress_plot.eps> [1

] (./latex_file_sample.aux) ) 
Here is how much of TeX's memory you used:
 1010 strings out of 493781
 13718 string characters out of 6148352
 76913 words of memory out of 5000000
 4547 multiletter control sequences out of 15000+600000
 7519 words of font info for 31 fonts, out of 8000000 for 9000
 929 hyphenation exceptions out of 8191
 25i,7n,19p,466b,234s stack positions out of 5000i,2500n,10000p,300000b,80000s

Output written on latex_file_sample.dvi (1 page, 668 bytes).
